<?xml version="1.0" encoding="UTF-8"?>
<!-- Generated by org.testng.reporters.JUnitReportReporter -->
<testsuite hostname="LAPTOP-QBRLH5V7" failures="0" tests="1" name="testprjt.Protest" time="138.451" errors="0" timestamp="2023-07-07T12:54:43 IST" skipped="0">
  <testcase classname="testprjt.Protest" name="testing" time="138.451"/>
  <system-out/>
</testsuite> <!-- testprjt.Protest -->
